<?xml version="1.0" encoding="UTF-8"?>
<!-- Generated by org.testng.reporters.JUnitReportReporter -->
<testsuite skipped="0" hostname="DESKTOP-CGGCESQ" name="com.nopcommerce.testCases.TC_LoginTest_001" tests="1" failures="0" timestamp="08 May 2020 15:46:08 GMT" time="5.056" errors="0">
  <testcase name="loginTest" time="5.056" classname="com.nopcommerce.testCases.TC_LoginTest_001"/>
</testsuite> <!-- com.nopcommerce.testCases.TC_LoginTest_001 -->
